Using pre-set license
Built from '2020.3/release' branch; Version is '2020.3.12f1 (b3b2c6512326) revision 11776710'; Using compiler version '192528614'; Build Type 'Release'
OS: 'Windows 10 Home; OS build 19043.1165; Version 2009; 64bit' Language: 'en' Physical Memory: 16187 MB
BatchMode: 1, IsHumanControllingUs: 0, StartBugReporterOnCrash: 0, Is64bit: 1, IsPro: 0

 COMMAND LINE ARGUMENTS:
C:\Program Files\Unity\Hub\Editor\2020.3.12f1\Editor\Unity.exe
-adb2
-batchMode
-noUpm
-name
AssetImportWorker0
-projectPath
C:/Users/Boon Kong/AppData/Local/GitHubDesktop/app-2.9.0/SyntheticData/Strawberries
-logFile
Logs/AssetImportWorker0.log
-srvPort
61257
Successfully changed project path to: C:/Users/Boon Kong/AppData/Local/GitHubDesktop/app-2.9.0/SyntheticData/Strawberries
C:/Users/Boon Kong/AppData/Local/GitHubDesktop/app-2.9.0/SyntheticData/Strawberries
Using Asset Import Pipeline V2.
Refreshing native plugins compatible for Editor in 68.83 ms, found 5 plugins.
Preloading 0 native plugins for Editor in 0.00 ms.
Initialize engine version: 2020.3.12f1 (b3b2c6512326)
[Subsystems] Discovering subsystems at path C:/Program Files/Unity/Hub/Editor/2020.3.12f1/Editor/Data/Resources/UnitySubsystems
[Subsystems] Discovering subsystems at path C:/Users/Boon Kong/AppData/Local/GitHubDesktop/app-2.9.0/SyntheticData/Strawberries/Assets
GfxDevice: creating device client; threaded=0
Direct3D:
    Version:  Direct3D 11.0 [level 11.1]
    Renderer: NVIDIA GeForce RTX 2060 (ID=0x1f11)
    Vendor:   
    VRAM:     5980 MB
    Driver:   27.21.14.6230
Shader 'Universal Render Pipeline/Particles/Lit': fallback shader 'Universal Render Pipeline/Particles/SimpleLit' not found
Initialize mono
Mono path[0] = 'C:/Program Files/Unity/Hub/Editor/2020.3.12f1/Editor/Data/Managed'
Mono path[1] = 'C:/Program Files/Unity/Hub/Editor/2020.3.12f1/Editor/Data/MonoBleedingEdge/lib/mono/unityjit'
Mono config path = 'C:/Program Files/Unity/Hub/Editor/2020.3.12f1/Editor/Data/MonoBleedingEdge/etc'
Using monoOptions --debugger-agent=transport=dt_socket,embedding=1,server=y,suspend=n,address=127.0.0.1:56328
Begin MonoManager ReloadAssembly
Registering precompiled unity dll's ...
Register platform support module: C:/Program Files/Unity/Hub/Editor/2020.3.12f1/Editor/Data/PlaybackEngines/WindowsStandaloneSupport/UnityEditor.WindowsStandalone.Extensions.dll
Registered in 0.001852 seconds.
Native extension for WindowsStandalone target not found
Refreshing native plugins compatible for Editor in 60.88 ms, found 5 plugins.
Preloading 0 native plugins for Editor in 0.00 ms.
Mono: successfully reloaded assembly
- Completed reload, in  1.100 seconds
Platform modules already initialized, skipping
Registering precompiled user dll's ...
Registered in 0.007632 seconds.
Begin MonoManager ReloadAssembly
Native extension for WindowsStandalone target not found
Refreshing native plugins compatible for Editor in 70.35 ms, found 5 plugins.
Preloading 0 native plugins for Editor in 0.00 ms.
Mono: successfully reloaded assembly
- Completed reload, in  1.802 seconds
Platform modules already initialized, skipping
========================================================================
Worker process is ready to serve import requests
Shader 'Universal Render Pipeline/Particles/Lit': fallback shader 'Universal Render Pipeline/Particles/SimpleLit' not found
Launched and connected shader compiler UnityShaderCompiler.exe after 0.04 seconds
Refreshing native plugins compatible for Editor in 0.74 ms, found 5 plugins.
Preloading 0 native plugins for Editor in 0.00 ms.
Unloading 3320 Unused Serialized files (Serialized files now loaded: 0)
System memory in use before: 160.3 MB.
System memory in use after: 160.5 MB.

Unloading 37 unused Assets to reduce memory usage. Loaded Objects now: 3741.
Total: 3.557800 ms (FindLiveObjects: 0.325600 ms CreateObjectMapping: 0.144000 ms MarkObjects: 2.996800 ms  DeleteObjects: 0.090500 ms)

AssetImportParameters requested are different than current active one (requested -> active):
  custom:framework-win-MediaFoundation: 216162199b28c13a410421893ffa2e32 -> 
  custom:video-decoder-ogg-theora: a1e56fd34408186e4bbccfd4996cb3dc -> 
  custom:container-muxer-webm: aa71ff27fc2769a1b78a27578f13a17b -> 
  custom:container-demuxer-webm: 4f35f7cbe854078d1ac9338744f61a02 -> 
  custom:container-demuxer-ogg: 62fdf1f143b41e24485cea50d1cbac27 -> 
  custom:video-encoder-webm-vp8: eb34c28f22e8b96e1ab97ce403110664 -> 
  custom:video-decoder-webm-vp8: 9c59270c3fd7afecdb556c50c9e8de78 -> 
  custom:audio-decoder-ogg-vorbis: bf7c407c2cedff20999df2af8eb42d56 -> 
  custom:audio-encoder-webm-vorbis: bf7c407c2cedff20999df2af8eb42d56 -> 
========================================================================
Received Import Request.
  path: Assets/Scenes/JnJ/02-Box Lighting.unity
  artifactKey: Guid(5eddc1190c7d4ca409c2af85fda78220) Importer(815301076,1909f56bfc062723c751e8b465ee728b)
Start importing Assets/Scenes/JnJ/02-Box Lighting.unity using Guid(5eddc1190c7d4ca409c2af85fda78220) Importer(815301076,1909f56bfc062723c751e8b465ee728b)  -> (artifact id: '4258f4f48b3935be42ceee587a285b14') in 0.017957 seconds 
  Import took 0.022890 seconds .

========================================================================
Received Import Request.
  Time since last request: 430.906186 seconds.
  path: Assets/soil-3
  artifactKey: Guid(72fd82b4d98dd5340a749511ceb43f82) Importer(815301076,1909f56bfc062723c751e8b465ee728b)
Start importing Assets/soil-3 using Guid(72fd82b4d98dd5340a749511ceb43f82) Importer(815301076,1909f56bfc062723c751e8b465ee728b)  -> (artifact id: '99f4338d346882240f07c4aeed7ada11') in 0.010509 seconds 
  Import took 0.016490 seconds .

========================================================================
Received Import Request.
  Time since last request: 0.850051 seconds.
  path: Assets/TutorialInfo
  artifactKey: Guid(49110bb8dcada46328ad741970bce702) Importer(815301076,1909f56bfc062723c751e8b465ee728b)
Start importing Assets/TutorialInfo using Guid(49110bb8dcada46328ad741970bce702) Importer(815301076,1909f56bfc062723c751e8b465ee728b)  -> (artifact id: 'f70351a472edd03278fd2d5ff4558427') in 0.008003 seconds 
  Import took 0.013415 seconds .

========================================================================
Received Import Request.
  Time since last request: 1.078830 seconds.
  path: Assets/PolyWorkshop
  artifactKey: Guid(2836fbe9866e05749967f8bc0615a46e) Importer(815301076,1909f56bfc062723c751e8b465ee728b)
Start importing Assets/PolyWorkshop using Guid(2836fbe9866e05749967f8bc0615a46e) Importer(815301076,1909f56bfc062723c751e8b465ee728b)  -> (artifact id: '511efd65154405f728e59487e3f058b1') in 0.007501 seconds 
  Import took 0.012712 seconds .

========================================================================
Received Import Request.
  Time since last request: 2.146515 seconds.
  path: Assets/PolyWorkshop/CardboardBoxesSet
  artifactKey: Guid(1c1cb03e226d9714bbc1af0b5d85f7a6) Importer(815301076,1909f56bfc062723c751e8b465ee728b)
Start importing Assets/PolyWorkshop/CardboardBoxesSet using Guid(1c1cb03e226d9714bbc1af0b5d85f7a6) Importer(815301076,1909f56bfc062723c751e8b465ee728b)  -> (artifact id: 'afa12c00149ef53d9358abe2ff597ef3') in 0.007399 seconds 
  Import took 0.012944 seconds .

========================================================================
Received Import Request.
  Time since last request: 1.555883 seconds.
  path: Assets/PolyWorkshop/CardboardBoxesSet/Prefabs
  artifactKey: Guid(55cf16e0bee2967458fbe436d95bae12) Importer(815301076,1909f56bfc062723c751e8b465ee728b)
Start importing Assets/PolyWorkshop/CardboardBoxesSet/Prefabs using Guid(55cf16e0bee2967458fbe436d95bae12) Importer(815301076,1909f56bfc062723c751e8b465ee728b)  -> (artifact id: 'c6fc69669a5a30fa052d44ac233830a3') in 0.007590 seconds 
  Import took 0.012669 seconds .

========================================================================
Received Import Request.
  Time since last request: 0.039066 seconds.
  path: Assets/PolyWorkshop/CardboardBoxesSet/Prefabs/cardboardBox_01.prefab
  artifactKey: Guid(84fa1372da0bc1849a3f058e3cad16eb) Importer(815301076,1909f56bfc062723c751e8b465ee728b)
Start importing Assets/PolyWorkshop/CardboardBoxesSet/Prefabs/cardboardBox_01.prefab using Guid(84fa1372da0bc1849a3f058e3cad16eb) Importer(815301076,1909f56bfc062723c751e8b465ee728b)  -> (artifact id: '9291f5ead6e779154d96a4fe36ccb7d3') in 0.213021 seconds 
  Import took 0.219074 seconds .

========================================================================
Received Import Request.
  Time since last request: 0.000333 seconds.
  path: Assets/PolyWorkshop/CardboardBoxesSet/Prefabs/cardboardBox_03.prefab
  artifactKey: Guid(efbc7aaed080d31418251812fc4cfad8) Importer(815301076,1909f56bfc062723c751e8b465ee728b)
Start importing Assets/PolyWorkshop/CardboardBoxesSet/Prefabs/cardboardBox_03.prefab using Guid(efbc7aaed080d31418251812fc4cfad8) Importer(815301076,1909f56bfc062723c751e8b465ee728b)  -> (artifact id: '46e0574fa760081bd2a21684ffe28aa8') in 0.014721 seconds 
  Import took 0.019076 seconds .

========================================================================
Received Import Request.
  Time since last request: 0.000286 seconds.
  path: Assets/PolyWorkshop/CardboardBoxesSet/Prefabs/cardboardBox_02.prefab
  artifactKey: Guid(23fc59362ba1e264eb5b636821ad929a) Importer(815301076,1909f56bfc062723c751e8b465ee728b)
Start importing Assets/PolyWorkshop/CardboardBoxesSet/Prefabs/cardboardBox_02.prefab using Guid(23fc59362ba1e264eb5b636821ad929a) Importer(815301076,1909f56bfc062723c751e8b465ee728b)  -> (artifact id: 'eb168a5bcdbf7cf5aa2d3c085921fe19') in 0.015182 seconds 
  Import took 0.019804 seconds .

========================================================================
Received Import Request.
  Time since last request: 28.126848 seconds.
  path: Assets/PolyWorkshop/CardboardBoxesSet/Models
  artifactKey: Guid(ff7e7f3b2724296488bdd3ba7ebc15dc) Importer(815301076,1909f56bfc062723c751e8b465ee728b)
Start importing Assets/PolyWorkshop/CardboardBoxesSet/Models using Guid(ff7e7f3b2724296488bdd3ba7ebc15dc) Importer(815301076,1909f56bfc062723c751e8b465ee728b)  -> (artifact id: '535628f4aa78466d5e477520f4cd81fb') in 0.007097 seconds 
  Import took 0.012688 seconds .

========================================================================
Received Import Request.
  Time since last request: 0.037955 seconds.
  path: Assets/PolyWorkshop/CardboardBoxesSet/Models/cardboardBox_01.fbx
  artifactKey: Guid(a97056cf293fff648bc5d6b58cb552b2) Importer(815301076,1909f56bfc062723c751e8b465ee728b)
Start importing Assets/PolyWorkshop/CardboardBoxesSet/Models/cardboardBox_01.fbx using Guid(a97056cf293fff648bc5d6b58cb552b2) Importer(815301076,1909f56bfc062723c751e8b465ee728b)  -> (artifact id: '3024c1f64eed149753d756cf5762436c') in 0.073833 seconds 
  Import took 0.079059 seconds .

========================================================================
Received Import Request.
  Time since last request: 0.000318 seconds.
  path: Assets/PolyWorkshop/CardboardBoxesSet/Models/cardboardBox_02.fbx
  artifactKey: Guid(8a07748a10d783d4abb6dbd7272e6ab1) Importer(815301076,1909f56bfc062723c751e8b465ee728b)
Start importing Assets/PolyWorkshop/CardboardBoxesSet/Models/cardboardBox_02.fbx using Guid(8a07748a10d783d4abb6dbd7272e6ab1) Importer(815301076,1909f56bfc062723c751e8b465ee728b)  -> (artifact id: '0a0c8d9d3598bdc5861369860f966344') in 0.014986 seconds 
  Import took 0.019261 seconds .

========================================================================
Received Import Request.
  Time since last request: 0.000279 seconds.
  path: Assets/PolyWorkshop/CardboardBoxesSet/Models/cardboardBox_03.fbx
  artifactKey: Guid(8bf2bd9ec7d102c48a617d4ba4efbc73) Importer(815301076,1909f56bfc062723c751e8b465ee728b)
Start importing Assets/PolyWorkshop/CardboardBoxesSet/Models/cardboardBox_03.fbx using Guid(8bf2bd9ec7d102c48a617d4ba4efbc73) Importer(815301076,1909f56bfc062723c751e8b465ee728b)  -> (artifact id: 'ff0286c12c3a38238ad43d8e613c2682') in 0.013790 seconds 
  Import took 0.018139 seconds .

========================================================================
Received Import Request.
  Time since last request: 38.710227 seconds.
  path: Assets/PolyWorkshop/CardboardBoxesSet/Materials
  artifactKey: Guid(f7e4dabba9dd81945ae6f96b4ebfef40) Importer(815301076,1909f56bfc062723c751e8b465ee728b)
Start importing Assets/PolyWorkshop/CardboardBoxesSet/Materials using Guid(f7e4dabba9dd81945ae6f96b4ebfef40) Importer(815301076,1909f56bfc062723c751e8b465ee728b)  -> (artifact id: '5c9cf504eb603cb29bb96087c358cb9a') in 0.007888 seconds 
  Import took 0.013444 seconds .

========================================================================
Received Import Request.
  Time since last request: 0.046388 seconds.
  path: Assets/PolyWorkshop/CardboardBoxesSet/Materials/cardboardBoxes_Material.mat
  artifactKey: Guid(25cf391b82a62fd409ac25582b00a664) Importer(815301076,1909f56bfc062723c751e8b465ee728b)
Start importing Assets/PolyWorkshop/CardboardBoxesSet/Materials/cardboardBoxes_Material.mat using Guid(25cf391b82a62fd409ac25582b00a664) Importer(815301076,1909f56bfc062723c751e8b465ee728b)  -> (artifact id: '21bd9cd88e20cf6a817648b241db723b') in 0.496866 seconds 
  Import took 0.505909 seconds .

========================================================================
Received Import Request.
  Time since last request: 0.775210 seconds.
  path: Assets/PolyWorkshop/CardboardBoxesSet/Materials/Textures
  artifactKey: Guid(c07fc358a49665249a1fed9630152fe5) Importer(815301076,1909f56bfc062723c751e8b465ee728b)
Start importing Assets/PolyWorkshop/CardboardBoxesSet/Materials/Textures using Guid(c07fc358a49665249a1fed9630152fe5) Importer(815301076,1909f56bfc062723c751e8b465ee728b)  -> (artifact id: '61fe32999a2873756fc070c4583e4928') in 0.006794 seconds 
  Import took 0.012288 seconds .

========================================================================
Received Import Request.
  Time since last request: 0.064385 seconds.
  path: Assets/PolyWorkshop/CardboardBoxesSet/Materials/Textures/cardboardBoxSet_Diffuse.tga
  artifactKey: Guid(fae60c9f21f342549b4b5273bb89567f) Importer(815301076,1909f56bfc062723c751e8b465ee728b)
Start importing Assets/PolyWorkshop/CardboardBoxesSet/Materials/Textures/cardboardBoxSet_Diffuse.tga using Guid(fae60c9f21f342549b4b5273bb89567f) Importer(815301076,1909f56bfc062723c751e8b465ee728b)  -> (artifact id: '75b4f40cba87bb3e7e9c513b4cf07416') in 0.019518 seconds 
  Import took 0.024524 seconds .

========================================================================
Received Import Request.
  Time since last request: 0.000332 seconds.
  path: Assets/PolyWorkshop/CardboardBoxesSet/Materials/Textures/cardboardBoxSet_Specular.tga
  artifactKey: Guid(754f6fc4f579ebe4ea2be646bd00b499) Importer(815301076,1909f56bfc062723c751e8b465ee728b)
Start importing Assets/PolyWorkshop/CardboardBoxesSet/Materials/Textures/cardboardBoxSet_Specular.tga using Guid(754f6fc4f579ebe4ea2be646bd00b499) Importer(815301076,1909f56bfc062723c751e8b465ee728b)  -> (artifact id: 'b6fbfc2edbe876cd7914ddf07059af15') in 0.010578 seconds 
  Import took 0.014795 seconds .

========================================================================
Received Import Request.
  Time since last request: 0.000285 seconds.
  path: Assets/PolyWorkshop/CardboardBoxesSet/Materials/Textures/cardboardBoxSet_Normal.tga
  artifactKey: Guid(b19d15a0bf070a4438f3b753cfb8ef68) Importer(815301076,1909f56bfc062723c751e8b465ee728b)
Start importing Assets/PolyWorkshop/CardboardBoxesSet/Materials/Textures/cardboardBoxSet_Normal.tga using Guid(b19d15a0bf070a4438f3b753cfb8ef68) Importer(815301076,1909f56bfc062723c751e8b465ee728b)  -> (artifact id: '226426131875b361d0e08d3c3e504685') in 0.015745 seconds 
  Import took 0.019997 seconds .

========================================================================
Received Import Request.
  Time since last request: 530.831592 seconds.
  path: Assets/PolyWorkshop/CardboardBoxesSet/Materials/Textures/New Material.mat
  artifactKey: Guid(ed5d8470988f6ed469f9d237e959712f) Importer(815301076,1909f56bfc062723c751e8b465ee728b)
Start importing Assets/PolyWorkshop/CardboardBoxesSet/Materials/Textures/New Material.mat using Guid(ed5d8470988f6ed469f9d237e959712f) Importer(815301076,1909f56bfc062723c751e8b465ee728b)  -> (artifact id: 'f1797323f967b1214981117b404485a3') in 0.016462 seconds 
  Import took 0.022847 seconds .

========================================================================
Received Import Request.
  Time since last request: 0.076934 seconds.
  path: Assets/PolyWorkshop/CardboardBoxesSet/Materials/Textures/New Material.mat
  artifactKey: Guid(ed5d8470988f6ed469f9d237e959712f) Importer(815301076,1909f56bfc062723c751e8b465ee728b)
Start importing Assets/PolyWorkshop/CardboardBoxesSet/Materials/Textures/New Material.mat using Guid(ed5d8470988f6ed469f9d237e959712f) Importer(815301076,1909f56bfc062723c751e8b465ee728b)  -> (artifact id: '726cc04d1f1161051f9d4f1c578a063a') in 0.008358 seconds 
  Import took 0.013320 seconds .

========================================================================
Received Import Request.
  Time since last request: 78.529386 seconds.
  path: Assets/PolyWorkshop/CardboardBoxesSet/Materials/Textures/cardboard.mat
  artifactKey: Guid(ed5d8470988f6ed469f9d237e959712f) Importer(815301076,1909f56bfc062723c751e8b465ee728b)
Start importing Assets/PolyWorkshop/CardboardBoxesSet/Materials/Textures/cardboard.mat using Guid(ed5d8470988f6ed469f9d237e959712f) Importer(815301076,1909f56bfc062723c751e8b465ee728b)  -> (artifact id: '6027bfe235122c13b4c2f79e4af141c5') in 0.017515 seconds 
  Import took 0.023489 seconds .

========================================================================
Received Import Request.
  Time since last request: 204.596445 seconds.
  path: Assets/JnJ data/Final/cardboard box.prefab
  artifactKey: Guid(609c34f86634e02448e6df786792aa03) Importer(815301076,1909f56bfc062723c751e8b465ee728b)
Start importing Assets/JnJ data/Final/cardboard box.prefab using Guid(609c34f86634e02448e6df786792aa03) Importer(815301076,1909f56bfc062723c751e8b465ee728b)  -> (artifact id: 'df178e0888d29529e9d16a75a1707a95') in 0.015245 seconds 
  Import took 0.021182 seconds .

========================================================================
Received Import Request.
  Time since last request: 147.352743 seconds.
  path: Assets/JnJ data/Final/cardboard box.prefab
  artifactKey: Guid(609c34f86634e02448e6df786792aa03) Importer(815301076,1909f56bfc062723c751e8b465ee728b)
Start importing Assets/JnJ data/Final/cardboard box.prefab using Guid(609c34f86634e02448e6df786792aa03) Importer(815301076,1909f56bfc062723c751e8b465ee728b)  -> (artifact id: '212f54644b0d9a0b4f1c2c8e7aef4559') in 0.015227 seconds 
  Import took 0.020792 seconds .

========================================================================
Received Import Request.
  Time since last request: 1113.753248 seconds.
  path: Assets/JnJ data/Final/cardboard box.prefab
  artifactKey: Guid(609c34f86634e02448e6df786792aa03) Importer(815301076,1909f56bfc062723c751e8b465ee728b)
Start importing Assets/JnJ data/Final/cardboard box.prefab using Guid(609c34f86634e02448e6df786792aa03) Importer(815301076,1909f56bfc062723c751e8b465ee728b)  -> (artifact id: 'c74cb1ca9ea8b3d2bf2762e1b6b2ee81') in 0.016543 seconds 
  Import took 0.023550 seconds .

========================================================================
Received Import Request.
  Time since last request: 31.508608 seconds.
  path: Assets/JnJ data/Final/cardboard box 2.prefab
  artifactKey: Guid(6ffde56cc695d33478aeed3f94d1340c) Importer(815301076,1909f56bfc062723c751e8b465ee728b)
Start importing Assets/JnJ data/Final/cardboard box 2.prefab using Guid(6ffde56cc695d33478aeed3f94d1340c) Importer(815301076,1909f56bfc062723c751e8b465ee728b)  -> (artifact id: '676c37ecfc82b77cfb366492ded24484') in 0.017187 seconds 
  Import took 0.022733 seconds .

========================================================================
Received Prepare
Registering precompiled user dll's ...
Registered in 0.006787 seconds.
Begin MonoManager ReloadAssembly
Native extension for WindowsStandalone target not found
Refreshing native plugins compatible for Editor in 0.74 ms, found 5 plugins.
Preloading 0 native plugins for Editor in 0.00 ms.
Mono: successfully reloaded assembly
- Completed reload, in  3.153 seconds
Platform modules already initialized, skipping
Shader 'Universal Render Pipeline/Particles/Lit': fallback shader 'Universal Render Pipeline/Particles/SimpleLit' not found
Refreshing native plugins compatible for Editor in 0.77 ms, found 5 plugins.
Preloading 0 native plugins for Editor in 0.00 ms.
Unloading 3169 Unused Serialized files (Serialized files now loaded: 0)
System memory in use before: 155.7 MB.
System memory in use after: 155.9 MB.

Unloading 32 unused Assets to reduce memory usage. Loaded Objects now: 3834.
Total: 3.215100 ms (FindLiveObjects: 0.296800 ms CreateObjectMapping: 0.124300 ms MarkObjects: 2.765600 ms  DeleteObjects: 0.027100 ms)

AssetImportParameters requested are different than current active one (requested -> active):
  custom:framework-win-MediaFoundation: 216162199b28c13a410421893ffa2e32 -> 
  custom:video-decoder-ogg-theora: a1e56fd34408186e4bbccfd4996cb3dc -> 
  custom:container-muxer-webm: aa71ff27fc2769a1b78a27578f13a17b -> 
  custom:container-demuxer-webm: 4f35f7cbe854078d1ac9338744f61a02 -> 
  custom:container-demuxer-ogg: 62fdf1f143b41e24485cea50d1cbac27 -> 
  custom:video-encoder-webm-vp8: eb34c28f22e8b96e1ab97ce403110664 -> 
  custom:video-decoder-webm-vp8: 9c59270c3fd7afecdb556c50c9e8de78 -> 
  custom:audio-decoder-ogg-vorbis: bf7c407c2cedff20999df2af8eb42d56 -> 
  custom:audio-encoder-webm-vorbis: bf7c407c2cedff20999df2af8eb42d56 -> 
========================================================================
Received Import Request.
  Time since last request: 492.448275 seconds.
  path: Assets/Scenes/JnJ/02-Rotate.unity
  artifactKey: Guid(a95f4f6dc27343646b8a364be98f3e4c) Importer(815301076,1909f56bfc062723c751e8b465ee728b)
Start importing Assets/Scenes/JnJ/02-Rotate.unity using Guid(a95f4f6dc27343646b8a364be98f3e4c) Importer(815301076,1909f56bfc062723c751e8b465ee728b)  -> (artifact id: '826f6e3d23a8be93db45222054bf77c0') in 0.042225 seconds 
  Import took 0.048532 seconds .

========================================================================
Received Import Request.
  Time since last request: 32.856864 seconds.
  path: Assets/Scenes/JnJ/02-Box Lighting.unity
  artifactKey: Guid(5eddc1190c7d4ca409c2af85fda78220) Importer(815301076,1909f56bfc062723c751e8b465ee728b)
Start importing Assets/Scenes/JnJ/02-Box Lighting.unity using Guid(5eddc1190c7d4ca409c2af85fda78220) Importer(815301076,1909f56bfc062723c751e8b465ee728b)  -> (artifact id: 'e07f5c995ffdb44284c628e7519621ba') in 0.003645 seconds 
  Import took 0.010198 seconds .

========================================================================
Received Import Request.
  Time since last request: 16.893890 seconds.
  path: Assets/Scenes/JnJ/02-Box Rotate.unity
  artifactKey: Guid(a559d62ca85bdb5498f44a2fab7936aa) Importer(815301076,1909f56bfc062723c751e8b465ee728b)
Start importing Assets/Scenes/JnJ/02-Box Rotate.unity using Guid(a559d62ca85bdb5498f44a2fab7936aa) Importer(815301076,1909f56bfc062723c751e8b465ee728b)  -> (artifact id: '9177020ec039459e17948208565322ea') in 0.007440 seconds 
  Import took 0.012463 seconds .

========================================================================
Received Prepare
Registering precompiled user dll's ...
Registered in 0.006922 seconds.
Begin MonoManager ReloadAssembly
Native extension for WindowsStandalone target not found
Refreshing native plugins compatible for Editor in 0.70 ms, found 5 plugins.
Preloading 0 native plugins for Editor in 0.00 ms.
Mono: successfully reloaded assembly
- Completed reload, in  5.331 seconds
Platform modules already initialized, skipping
Shader 'Universal Render Pipeline/Particles/Lit': fallback shader 'Universal Render Pipeline/Particles/SimpleLit' not found
Refreshing native plugins compatible for Editor in 0.76 ms, found 5 plugins.
Preloading 0 native plugins for Editor in 0.00 ms.
Unloading 3169 Unused Serialized files (Serialized files now loaded: 0)
System memory in use before: 155.8 MB.
System memory in use after: 156.0 MB.

Unloading 32 unused Assets to reduce memory usage. Loaded Objects now: 3839.
Total: 2.970400 ms (FindLiveObjects: 0.286800 ms CreateObjectMapping: 0.144400 ms MarkObjects: 2.515300 ms  DeleteObjects: 0.023100 ms)

AssetImportParameters requested are different than current active one (requested -> active):
  custom:framework-win-MediaFoundation: 216162199b28c13a410421893ffa2e32 -> 
  custom:video-decoder-ogg-theora: a1e56fd34408186e4bbccfd4996cb3dc -> 
  custom:container-muxer-webm: aa71ff27fc2769a1b78a27578f13a17b -> 
  custom:container-demuxer-webm: 4f35f7cbe854078d1ac9338744f61a02 -> 
  custom:container-demuxer-ogg: 62fdf1f143b41e24485cea50d1cbac27 -> 
  custom:video-encoder-webm-vp8: eb34c28f22e8b96e1ab97ce403110664 -> 
  custom:video-decoder-webm-vp8: 9c59270c3fd7afecdb556c50c9e8de78 -> 
  custom:audio-decoder-ogg-vorbis: bf7c407c2cedff20999df2af8eb42d56 -> 
  custom:audio-encoder-webm-vorbis: bf7c407c2cedff20999df2af8eb42d56 -> 
========================================================================
Received Import Request.
  Time since last request: 112.464024 seconds.
  path: Assets/Scenes/JnJ/02-Box Rotate.unity
  artifactKey: Guid(a559d62ca85bdb5498f44a2fab7936aa) Importer(815301076,1909f56bfc062723c751e8b465ee728b)
Start importing Assets/Scenes/JnJ/02-Box Rotate.unity using Guid(a559d62ca85bdb5498f44a2fab7936aa) Importer(815301076,1909f56bfc062723c751e8b465ee728b)  -> (artifact id: '39964726f6b0b1fde2141c04a85d1d24') in 0.020917 seconds 
  Import took 0.025461 seconds .

========================================================================
Received Import Request.
  Time since last request: 32.133776 seconds.
  path: Assets/Scenes/JnJ/02-Rotate.unity
  artifactKey: Guid(a95f4f6dc27343646b8a364be98f3e4c) Importer(815301076,1909f56bfc062723c751e8b465ee728b)
Start importing Assets/Scenes/JnJ/02-Rotate.unity using Guid(a95f4f6dc27343646b8a364be98f3e4c) Importer(815301076,1909f56bfc062723c751e8b465ee728b)  -> (artifact id: '7cda4c7b6b14454f43f105deeb677d53') in 0.003110 seconds 
  Import took 0.008381 seconds .

========================================================================
Received Import Request.
  Time since last request: 6.925256 seconds.
  path: Assets/Scenes/JnJ/02-Box Rotate.unity
  artifactKey: Guid(a559d62ca85bdb5498f44a2fab7936aa) Importer(815301076,1909f56bfc062723c751e8b465ee728b)
Start importing Assets/Scenes/JnJ/02-Box Rotate.unity using Guid(a559d62ca85bdb5498f44a2fab7936aa) Importer(815301076,1909f56bfc062723c751e8b465ee728b)  -> (artifact id: '291a2b9d342a08c92c39f6e987bdacff') in 0.003088 seconds 
  Import took 0.009180 seconds .

========================================================================
Received Import Request.
  Time since last request: 0.000911 seconds.
  path: Assets/Scenes/JnJ/02-Box Rotate.unity
  artifactKey: Guid(a559d62ca85bdb5498f44a2fab7936aa) Importer(815301076,1909f56bfc062723c751e8b465ee728b)
Start importing Assets/Scenes/JnJ/02-Box Rotate.unity using Guid(a559d62ca85bdb5498f44a2fab7936aa) Importer(815301076,1909f56bfc062723c751e8b465ee728b)  -> (artifact id: '291a2b9d342a08c92c39f6e987bdacff') in 0.002781 seconds 
  Import took 0.008316 seconds .

========================================================================
Received Prepare
Registering precompiled user dll's ...
Registered in 0.006957 seconds.
Begin MonoManager ReloadAssembly
Native extension for WindowsStandalone target not found
Refreshing native plugins compatible for Editor in 0.74 ms, found 5 plugins.
Preloading 0 native plugins for Editor in 0.00 ms.
Mono: successfully reloaded assembly
- Completed reload, in  1.874 seconds
Platform modules already initialized, skipping
Shader 'Universal Render Pipeline/Particles/Lit': fallback shader 'Universal Render Pipeline/Particles/SimpleLit' not found
Refreshing native plugins compatible for Editor in 0.76 ms, found 5 plugins.
Preloading 0 native plugins for Editor in 0.00 ms.
Unloading 3169 Unused Serialized files (Serialized files now loaded: 0)
System memory in use before: 155.8 MB.
System memory in use after: 156.0 MB.

Unloading 32 unused Assets to reduce memory usage. Loaded Objects now: 3844.
Total: 3.442900 ms (FindLiveObjects: 0.287300 ms CreateObjectMapping: 0.147300 ms MarkObjects: 2.981100 ms  DeleteObjects: 0.026300 ms)

AssetImportParameters requested are different than current active one (requested -> active):
  custom:framework-win-MediaFoundation: 216162199b28c13a410421893ffa2e32 -> 
  custom:video-decoder-ogg-theora: a1e56fd34408186e4bbccfd4996cb3dc -> 
  custom:container-muxer-webm: aa71ff27fc2769a1b78a27578f13a17b -> 
  custom:container-demuxer-webm: 4f35f7cbe854078d1ac9338744f61a02 -> 
  custom:container-demuxer-ogg: 62fdf1f143b41e24485cea50d1cbac27 -> 
  custom:video-encoder-webm-vp8: eb34c28f22e8b96e1ab97ce403110664 -> 
  custom:video-decoder-webm-vp8: 9c59270c3fd7afecdb556c50c9e8de78 -> 
  custom:audio-decoder-ogg-vorbis: bf7c407c2cedff20999df2af8eb42d56 -> 
  custom:audio-encoder-webm-vorbis: bf7c407c2cedff20999df2af8eb42d56 -> 
========================================================================
Received Prepare
Registering precompiled user dll's ...
Registered in 0.089562 seconds.
Begin MonoManager ReloadAssembly
Native extension for WindowsStandalone target not found
Refreshing native plugins compatible for Editor in 1.01 ms, found 5 plugins.
Preloading 0 native plugins for Editor in 0.00 ms.
Mono: successfully reloaded assembly
- Completed reload, in  5.223 seconds
Platform modules already initialized, skipping
Shader 'Universal Render Pipeline/Particles/Lit': fallback shader 'Universal Render Pipeline/Particles/SimpleLit' not found
Refreshing native plugins compatible for Editor in 0.74 ms, found 5 plugins.
Preloading 0 native plugins for Editor in 0.00 ms.
Unloading 3169 Unused Serialized files (Serialized files now loaded: 0)
System memory in use before: 155.8 MB.
System memory in use after: 156.1 MB.

Unloading 32 unused Assets to reduce memory usage. Loaded Objects now: 3849.
Total: 3.128900 ms (FindLiveObjects: 0.315000 ms CreateObjectMapping: 0.170300 ms MarkObjects: 2.615200 ms  DeleteObjects: 0.027700 ms)

AssetImportParameters requested are different than current active one (requested -> active):
  custom:framework-win-MediaFoundation: 216162199b28c13a410421893ffa2e32 -> 
  custom:video-decoder-ogg-theora: a1e56fd34408186e4bbccfd4996cb3dc -> 
  custom:container-muxer-webm: aa71ff27fc2769a1b78a27578f13a17b -> 
  custom:container-demuxer-webm: 4f35f7cbe854078d1ac9338744f61a02 -> 
  custom:container-demuxer-ogg: 62fdf1f143b41e24485cea50d1cbac27 -> 
  custom:video-encoder-webm-vp8: eb34c28f22e8b96e1ab97ce403110664 -> 
  custom:video-decoder-webm-vp8: 9c59270c3fd7afecdb556c50c9e8de78 -> 
  custom:audio-decoder-ogg-vorbis: bf7c407c2cedff20999df2af8eb42d56 -> 
  custom:audio-encoder-webm-vorbis: bf7c407c2cedff20999df2af8eb42d56 -> 
========================================================================
Received Import Request.
  Time since last request: 609.957531 seconds.
  path: Assets/Scenes/JnJ/02- Box.unity
  artifactKey: Guid(3c30a805e5a6b38479bc98f610339ac7) Importer(815301076,1909f56bfc062723c751e8b465ee728b)
Start importing Assets/Scenes/JnJ/02- Box.unity using Guid(3c30a805e5a6b38479bc98f610339ac7) Importer(815301076,1909f56bfc062723c751e8b465ee728b)  -> (artifact id: '2f678369e42ac1bdd085114d3eec0085') in 0.017222 seconds 
  Import took 0.022585 seconds .

========================================================================
Received Import Request.
  Time since last request: 15.342363 seconds.
  path: Assets/Scenes/JnJ/02- Box Rotate Objects.unity
  artifactKey: Guid(3c30a805e5a6b38479bc98f610339ac7) Importer(815301076,1909f56bfc062723c751e8b465ee728b)
Start importing Assets/Scenes/JnJ/02- Box Rotate Objects.unity using Guid(3c30a805e5a6b38479bc98f610339ac7) Importer(815301076,1909f56bfc062723c751e8b465ee728b)  -> (artifact id: '6c4502bacb4cd18de2f50dfb530cfef4') in 0.012495 seconds 
  Import took 0.020476 seconds .

========================================================================
Received Prepare
Registering precompiled user dll's ...
Registered in 0.007197 seconds.
Begin MonoManager ReloadAssembly
Native extension for WindowsStandalone target not found
Refreshing native plugins compatible for Editor in 0.70 ms, found 5 plugins.
Preloading 0 native plugins for Editor in 0.00 ms.
Mono: successfully reloaded assembly
- Completed reload, in  1.268 seconds
Platform modules already initialized, skipping
Shader 'Universal Render Pipeline/Particles/Lit': fallback shader 'Universal Render Pipeline/Particles/SimpleLit' not found
Refreshing native plugins compatible for Editor in 0.72 ms, found 5 plugins.
Preloading 0 native plugins for Editor in 0.00 ms.
Unloading 3169 Unused Serialized files (Serialized files now loaded: 0)
System memory in use before: 155.9 MB.
System memory in use after: 156.1 MB.

Unloading 32 unused Assets to reduce memory usage. Loaded Objects now: 3854.
Total: 2.692500 ms (FindLiveObjects: 0.301700 ms CreateObjectMapping: 0.171600 ms MarkObjects: 2.195000 ms  DeleteObjects: 0.023300 ms)

AssetImportParameters requested are different than current active one (requested -> active):
  custom:framework-win-MediaFoundation: 216162199b28c13a410421893ffa2e32 -> 
  custom:video-decoder-ogg-theora: a1e56fd34408186e4bbccfd4996cb3dc -> 
  custom:container-muxer-webm: aa71ff27fc2769a1b78a27578f13a17b -> 
  custom:container-demuxer-webm: 4f35f7cbe854078d1ac9338744f61a02 -> 
  custom:container-demuxer-ogg: 62fdf1f143b41e24485cea50d1cbac27 -> 
  custom:video-encoder-webm-vp8: eb34c28f22e8b96e1ab97ce403110664 -> 
  custom:video-decoder-webm-vp8: 9c59270c3fd7afecdb556c50c9e8de78 -> 
  custom:audio-decoder-ogg-vorbis: bf7c407c2cedff20999df2af8eb42d56 -> 
  custom:audio-encoder-webm-vorbis: bf7c407c2cedff20999df2af8eb42d56 -> 
========================================================================
Received Import Request.
  Time since last request: 662.348800 seconds.
  path: Assets/Scripts/InstantiateScale.cs
  artifactKey: Guid(774e6749794cdf34e83118f6757b55b2) Importer(815301076,1909f56bfc062723c751e8b465ee728b)
Start importing Assets/Scripts/InstantiateScale.cs using Guid(774e6749794cdf34e83118f6757b55b2) Importer(815301076,1909f56bfc062723c751e8b465ee728b)  -> (artifact id: 'a2ec3e905c62ba3e6b338dba552c4317') in 0.017920 seconds 
  Import took 0.023136 seconds .

========================================================================
Received Import Request.
  Time since last request: 1.183347 seconds.
  path: Assets/Scripts/InstantiateOthers.cs
  artifactKey: Guid(f789ce2100bee1e429a704b8f1f7e1ea) Importer(815301076,1909f56bfc062723c751e8b465ee728b)
Start importing Assets/Scripts/InstantiateOthers.cs using Guid(f789ce2100bee1e429a704b8f1f7e1ea) Importer(815301076,1909f56bfc062723c751e8b465ee728b)  -> (artifact id: '62abe4a6e4bed1065d8e30a178e889b4') in 0.009479 seconds 
  Import took 0.014719 seconds .

========================================================================
Received Import Request.
  Time since last request: 317.531704 seconds.
  path: Assets/JnJ data/Final/labo.prefab
  artifactKey: Guid(f3a8163fcc01e4943bb7889efaffc108) Importer(815301076,1909f56bfc062723c751e8b465ee728b)
Start importing Assets/JnJ data/Final/labo.prefab using Guid(f3a8163fcc01e4943bb7889efaffc108) Importer(815301076,1909f56bfc062723c751e8b465ee728b)  -> (artifact id: 'bcd39c39fbace104f8a85e5cc5120d70') in 0.219305 seconds 
  Import took 0.226285 seconds .

========================================================================
Received Import Request.
  Time since last request: 24.532363 seconds.
  path: Assets/JnJ data/Final/labo-refined.prefab
  artifactKey: Guid(c333a83c3dac7a34b80948d7ad9c868a) Importer(815301076,1909f56bfc062723c751e8b465ee728b)
Start importing Assets/JnJ data/Final/labo-refined.prefab using Guid(c333a83c3dac7a34b80948d7ad9c868a) Importer(815301076,1909f56bfc062723c751e8b465ee728b)  -> (artifact id: '90e232f84a6772d503f27472674651f9') in 0.036227 seconds 
  Import took 0.042894 seconds .

========================================================================
Received Prepare
Registering precompiled user dll's ...
Registered in 0.006808 seconds.
Begin MonoManager ReloadAssembly
Native extension for WindowsStandalone target not found
Refreshing native plugins compatible for Editor in 0.71 ms, found 5 plugins.
Preloading 0 native plugins for Editor in 0.00 ms.
Mono: successfully reloaded assembly
- Completed reload, in  4.893 seconds
Platform modules already initialized, skipping
Shader 'Universal Render Pipeline/Particles/Lit': fallback shader 'Universal Render Pipeline/Particles/SimpleLit' not found
Refreshing native plugins compatible for Editor in 0.75 ms, found 5 plugins.
Preloading 0 native plugins for Editor in 0.00 ms.
Unloading 3169 Unused Serialized files (Serialized files now loaded: 0)
System memory in use before: 156.0 MB.
System memory in use after: 156.2 MB.

Unloading 32 unused Assets to reduce memory usage. Loaded Objects now: 3895.
Total: 3.107900 ms (FindLiveObjects: 0.294800 ms CreateObjectMapping: 0.166600 ms MarkObjects: 2.614000 ms  DeleteObjects: 0.031500 ms)

AssetImportParameters requested are different than current active one (requested -> active):
  custom:framework-win-MediaFoundation: 216162199b28c13a410421893ffa2e32 -> 
  custom:video-decoder-ogg-theora: a1e56fd34408186e4bbccfd4996cb3dc -> 
  custom:container-muxer-webm: aa71ff27fc2769a1b78a27578f13a17b -> 
  custom:container-demuxer-webm: 4f35f7cbe854078d1ac9338744f61a02 -> 
  custom:container-demuxer-ogg: 62fdf1f143b41e24485cea50d1cbac27 -> 
  custom:video-encoder-webm-vp8: eb34c28f22e8b96e1ab97ce403110664 -> 
  custom:video-decoder-webm-vp8: 9c59270c3fd7afecdb556c50c9e8de78 -> 
  custom:audio-decoder-ogg-vorbis: bf7c407c2cedff20999df2af8eb42d56 -> 
  custom:audio-encoder-webm-vorbis: bf7c407c2cedff20999df2af8eb42d56 -> 
